Arguments: 
  /usr/local/bin/node /usr/local/Cellar/yarn/1.7.0/libexec/bin/yarn.js add react-slick

PATH: 
  /Users/changqing/.autojump/bin:/Users/changqing/.autojump/bin:/usr/local/bin:/usr/bin:/bin:/usr/sbin:/sbin:/Applications/VMware Fusion.app/Contents/Public

Yarn version: 
  1.7.0

Node version: 
  8.11.3

Platform: 
  darwin x64

Trace: 
  Error: EINVAL: invalid argument, unlink '/Users/changqing/Documents/CQ/React/dva-react-music/node_modules/acorn-dynamic-import/node_modules/acorn'

npm manifest: 
  {
    "private": true,
    "scripts": {
      "start": "roadhog server",
      "build": "roadhog build",
      "lint": "eslint --ext .js src test",
      "precommit": "npm run lint"
    },
    "dependencies": {
      "antd": "^3.8.2",
      "axios": "^0.18.0",
      "babel-plugin-import": "^1.8.0",
      "dva": "^2.3.1",
      "fetch-jsonp": "^1.1.3",
      "keymaster": "^1.6.2",
      "react": "^16.2.0",
      "react-dom": "^16.2.0",
      "redux-logger": "^3.0.6",
      "whatwg-fetch": "^2.0.4"
    },
    "devDependencies": {
      "babel-plugin-dva-hmr": "^0.3.2",
      "eslint": "^4.14.0",
      "eslint-config-umi": "^0.1.1",
      "eslint-plugin-flowtype": "^2.34.1",
      "eslint-plugin-import": "^2.6.0",
      "eslint-plugin-jsx-a11y": "^5.1.1",
      "eslint-plugin-react": "^7.1.0",
      "husky": "^0.12.0",
      "redbox-react": "^1.4.3",
      "roadhog": "^2.0.0"
    }
  }

yarn manifest: 
  No manifest

Lockfile: 
  No lockfile
